============================================================
  Generated by:           Genus(TM) Synthesis Solution 19.13-s073_1
  Generated on:           Mar 26 2024  02:28:52 pm
  Module:                 bound_flasher
  Technology libraries:   slow_1v0 
                          pll 0.0
                          CDK_S128x16 0.0
                          CDK_S256x16 0.0
                          CDK_R512x16 0.0
                          physical_cells 
                          slow_1v0 
                          pll 0.0
                          CDK_S128x16 0.0
                          CDK_S256x16 0.0
                          CDK_R512x16 0.0
                          physical_cells 
  Operating conditions:   slow 
  Interconnect mode:      global
  Area mode:              physical library
============================================================

Timing
--------

Clock Period 
-------------
clk   4000.0 


  Cost    Critical         Violating 
 Group   Path Slack  TNS     Paths   
-------------------------------------
clk             0.0   0.0          0 
default    No paths   0.0            
-------------------------------------
Total                 0.0          0 

Instance Count
--------------
Leaf Instance Count             432 
Physical Instance count           0 
Sequential Instance Count        36 
Combinational Instance Count    396 
Hierarchical Instance Count       0 

Area
----
Cell Area                          1261.040
Physical Cell Area                 0.000
Total Cell Area (Cell+Physical)    1261.040
Net Area                           511.638
Total Area (Cell+Physical+Net)     1772.678

Runtime                            0.0 seconds
Elapsed Runtime                    83 seconds
Genus peak memory usage            1063.82 
Innovus peak memory usage          no_value 
Hostname                           localhost
